android/app/build/intermediates/manifest_merge_blame_file/debug/manifest-merger-blame-debug-report.txt
1<?xml version="1.0" encoding="utf-8"?>
2<manifest xmlns:android="http://schemas.android.com/apk/res/android"
3    package="com.awesomeproject"
4    android:versionCode="1"
5    android:versionName="1.0" >
6
7    <uses-sdk
8        android:minSdkVersion="21"
9        android:targetSdkVersion="30" />
10
11    <uses-permission android:name="android.permission.SYSTEM_ALERT_WINDOW" />
11-->src\debug\AndroidManifest.xml:5:5-77
11-->src\debug\AndroidManifest.xml:5:22-75
12    <uses-permission android:name="android.permission.INTERNET" />
12-->src\main\AndroidManifest.xml:4:5-67
12-->src\main\AndroidManifest.xml:4:22-64
13    <uses-permission android:name="android.permission.ACCESS_WIFI_STATE" />
13-->[com.facebook.flipper:flipper:0.99.0] AndroidManifest.xml:16:5-76
13-->[com.facebook.flipper:flipper:0.99.0] AndroidManifest.xml:16:22-73
14    <uses-permission android:name="android.permission.WAKE_LOCK" />
14-->[:react-native-firebase_auth] AndroidManifest.xml:10:5-68
14-->[:react-native-firebase_auth] AndroidManifest.xml:10:22-65
15    <uses-permission android:name="android.permission.ACCESS_NETWORK_STATE" />
15-->[:react-native-firebase_auth] AndroidManifest.xml:11:5-79
15-->[:react-native-firebase_auth] AndroidManifest.xml:11:22-76
16
17    <application
17-->src\main\AndroidManifest.xml:6:5-24:19
18        android:name="com.awesomeproject.MainApplication"
18-->src\main\AndroidManifest.xml:7:7-38
19        android:allowBackup="false"
19-->src\main\AndroidManifest.xml:11:7-34
20        android:appComponentFactory="androidx.core.app.CoreComponentFactory"
20-->[androidx.core:core:1.5.0] AndroidManifest.xml:24:18-86
21        android:debuggable="true"
22        android:icon="@mipmap/ic_launcher"
22-->src\main\AndroidManifest.xml:9:7-41
23        android:label="@string/app_name"
23-->src\main\AndroidManifest.xml:8:7-39
24        android:roundIcon="@mipmap/ic_launcher_round"
24-->src\main\AndroidManifest.xml:10:7-52
25        android:theme="@style/AppTheme"
25-->src\main\AndroidManifest.xml:12:7-38
26        android:usesCleartextTraffic="true" >
26-->src\debug\AndroidManifest.xml:8:9-44
27        <activity android:name="com.facebook.react.devsupport.DevSettingsActivity" />
27-->src\debug\AndroidManifest.xml:11:9-86
27-->src\debug\AndroidManifest.xml:11:19-83
28        <activity
28-->src\main\AndroidManifest.xml:13:7-23:18
29            android:name="com.awesomeproject.MainActivity"
29-->src\main\AndroidManifest.xml:14:9-37
30            android:configChanges="keyboard|keyboardHidden|orientation|screenSize|uiMode"
30-->src\main\AndroidManifest.xml:16:9-86
31            android:label="@string/app_name"
31-->src\main\AndroidManifest.xml:15:9-41
32            android:launchMode="singleTask"
32-->src\main\AndroidManifest.xml:17:9-40
33            android:windowSoftInputMode="adjustResize" >
33-->src\main\AndroidManifest.xml:18:9-51
34            <intent-filter>
34-->src\main\AndroidManifest.xml:19:9-22:25
35                <action android:name="android.intent.action.MAIN" />
35-->src\main\AndroidManifest.xml:20:13-65
35-->src\main\AndroidManifest.xml:20:21-62
36
37                <category android:name="android.intent.category.LAUNCHER" />
37-->src\main\AndroidManifest.xml:21:13-73
37-->src\main\AndroidManifest.xml:21:23-70
38            </intent-filter>
39        </activity>
40
41        <meta-data
41-->[:react-native-firebase_app] AndroidManifest.xml:10:9-12:36
42            android:name="app_data_collection_default_enabled"
42-->[:react-native-firebase_app] AndroidManifest.xml:11:13-63
43            android:value="true" />
43-->[:react-native-firebase_app] AndroidManifest.xml:12:13-33
44
45        <service
45-->[:react-native-firebase_app] AndroidManifest.xml:14:9-18:19
46            android:name="com.google.firebase.components.ComponentDiscoveryService"
46-->[:react-native-firebase_app] AndroidManifest.xml:14:18-89
47            android:directBootAware="true"
47-->[com.google.firebase:firebase-common:20.0.0] AndroidManifest.xml:35:13-43
48            android:exported="false" >
48-->[com.google.firebase:firebase-auth:21.0.1] AndroidManifest.xml:76:13-37
49            <meta-data
49-->[:react-native-firebase_app] AndroidManifest.xml:15:13-17:85
50                android:name="com.google.firebase.components:io.invertase.firebase.app.ReactNativeFirebaseAppRegistrar"
50-->[:react-native-firebase_app] AndroidManifest.xml:16:17-120
51                android:value="com.google.firebase.components.ComponentRegistrar" />
51-->[:react-native-firebase_app] AndroidManifest.xml:17:17-82
52            <meta-data
52-->[com.google.firebase:firebase-auth:21.0.1] AndroidManifest.xml:77:13-79:85
53                android:name="com.google.firebase.components:com.google.firebase.auth.FirebaseAuthRegistrar"
53-->[com.google.firebase:firebase-auth:21.0.1] AndroidManifest.xml:78:17-109
54                android:value="com.google.firebase.components.ComponentRegistrar" />
54-->[com.google.firebase:firebase-auth:21.0.1] AndroidManifest.xml:79:17-82
55            <meta-data
55-->[com.google.firebase:firebase-firestore:24.0.1] AndroidManifest.xml:20:13-22:85
56                android:name="com.google.firebase.components:com.google.firebase.firestore.FirestoreRegistrar"
56-->[com.google.firebase:firebase-firestore:24.0.1] AndroidManifest.xml:21:17-111
57                android:value="com.google.firebase.components.ComponentRegistrar" />
57-->[com.google.firebase:firebase-firestore:24.0.1] AndroidManifest.xml:22:17-82
58            <meta-data
58-->[com.google.firebase:firebase-storage:20.0.0] AndroidManifest.xml:33:13-35:85
59                android:name="com.google.firebase.components:com.google.firebase.storage.StorageRegistrar"
59-->[com.google.firebase:firebase-storage:20.0.0] AndroidManifest.xml:34:17-107
60                android:value="com.google.firebase.components.ComponentRegistrar" />
60-->[com.google.firebase:firebase-storage:20.0.0] AndroidManifest.xml:35:17-82
61            <meta-data
61-->[com.google.firebase:firebase-database:20.0.3] AndroidManifest.xml:32:13-34:85
62                android:name="com.google.firebase.components:com.google.firebase.database.DatabaseRegistrar"
62-->[com.google.firebase:firebase-database:20.0.3] AndroidManifest.xml:33:17-109
63                android:value="com.google.firebase.components.ComponentRegistrar" />
63-->[com.google.firebase:firebase-database:20.0.3] AndroidManifest.xml:34:17-82
64        </service>
65
66        <provider
66-->[:react-native-firebase_app] AndroidManifest.xml:20:9-24:38
67            android:name="io.invertase.firebase.app.ReactNativeFirebaseAppInitProvider"
67-->[:react-native-firebase_app] AndroidManifest.xml:21:13-88
68            android:authorities="com.awesomeproject.reactnativefirebaseappinitprovider"
68-->[:react-native-firebase_app] AndroidManifest.xml:22:13-86
69            android:exported="false"
69-->[:react-native-firebase_app] AndroidManifest.xml:23:13-37
70            android:initOrder="99" />
70-->[:react-native-firebase_app] AndroidManifest.xml:24:13-35
71        <provider
71-->[:react-native-image-picker] AndroidManifest.xml:10:9-18:20
72            android:name="com.imagepicker.ImagePickerProvider"
72-->[:react-native-image-picker] AndroidManifest.xml:11:13-63
73            android:authorities="com.awesomeproject.imagepickerprovider"
73-->[:react-native-image-picker] AndroidManifest.xml:12:13-71
74            android:exported="false"
74-->[:react-native-image-picker] AndroidManifest.xml:13:13-37
75            android:grantUriPermissions="true" >
75-->[:react-native-image-picker] AndroidManifest.xml:14:13-47
76            <meta-data
76-->[:react-native-image-picker] AndroidManifest.xml:15:13-17:70
77                android:name="android.support.FILE_PROVIDER_PATHS"
77-->[:react-native-image-picker] AndroidManifest.xml:16:17-67
78                android:resource="@xml/imagepicker_provider_paths" />
78-->[:react-native-image-picker] AndroidManifest.xml:17:17-67
79        </provider>
80
81        <activity
81-->[com.google.firebase:firebase-auth:21.0.1] AndroidManifest.xml:27:9-44:20
82            android:name="com.google.firebase.auth.internal.GenericIdpActivity"
82-->[com.google.firebase:firebase-auth:21.0.1] AndroidManifest.xml:28:13-80
83            android:excludeFromRecents="true"
83-->[com.google.firebase:firebase-auth:21.0.1] AndroidManifest.xml:29:13-46
84            android:exported="true"
84-->[com.google.firebase:firebase-auth:21.0.1] AndroidManifest.xml:30:13-36
85            android:launchMode="singleTask"
85-->[com.google.firebase:firebase-auth:21.0.1] AndroidManifest.xml:31:13-44
86            android:theme="@android:style/Theme.Translucent.NoTitleBar" >
86-->[com.google.firebase:firebase-auth:21.0.1] AndroidManifest.xml:32:13-72
87            <intent-filter>
87-->[com.google.firebase:firebase-auth:21.0.1] AndroidManifest.xml:33:13-43:29
88                <action android:name="android.intent.action.VIEW" />
88-->[com.google.firebase:firebase-auth:21.0.1] AndroidManifest.xml:34:17-69
88-->[com.google.firebase:firebase-auth:21.0.1] AndroidManifest.xml:34:25-66
89
90                <category android:name="android.intent.category.DEFAULT" />
90-->[com.google.firebase:firebase-auth:21.0.1] AndroidManifest.xml:36:17-76
90-->[com.google.firebase:firebase-auth:21.0.1] AndroidManifest.xml:36:27-73
91                <category android:name="android.intent.category.BROWSABLE" />
91-->[com.google.firebase:firebase-auth:21.0.1] AndroidManifest.xml:37:17-78
91-->[com.google.firebase:firebase-auth:21.0.1] AndroidManifest.xml:37:27-75
92
93                <data
93-->[com.google.firebase:firebase-auth:21.0.1] AndroidManifest.xml:39:17-42:51
94                    android:host="firebase.auth"
94-->[com.google.firebase:firebase-auth:21.0.1] AndroidManifest.xml:40:21-49
95                    android:path="/"
95-->[com.google.firebase:firebase-auth:21.0.1] AndroidManifest.xml:41:21-37
96                    android:scheme="genericidp" />
96-->[com.google.firebase:firebase-auth:21.0.1] AndroidManifest.xml:42:21-48
97            </intent-filter>
98        </activity>
99        <activity
99-->[com.google.firebase:firebase-auth:21.0.1] AndroidManifest.xml:45:9-62:20
100            android:name="com.google.firebase.auth.internal.RecaptchaActivity"
100-->[com.google.firebase:firebase-auth:21.0.1] AndroidManifest.xml:46:13-79
101            android:excludeFromRecents="true"
101-->[com.google.firebase:firebase-auth:21.0.1] AndroidManifest.xml:47:13-46
102            android:exported="true"
102-->[com.google.firebase:firebase-auth:21.0.1] AndroidManifest.xml:48:13-36
103            android:launchMode="singleTask"
103-->[com.google.firebase:firebase-auth:21.0.1] AndroidManifest.xml:49:13-44
104            android:theme="@android:style/Theme.Translucent.NoTitleBar" >
104-->[com.google.firebase:firebase-auth:21.0.1] AndroidManifest.xml:50:13-72
105            <intent-filter>
105-->[com.google.firebase:firebase-auth:21.0.1] AndroidManifest.xml:51:13-61:29
106                <action android:name="android.intent.action.VIEW" />
106-->[com.google.firebase:firebase-auth:21.0.1] AndroidManifest.xml:34:17-69
106-->[com.google.firebase:firebase-auth:21.0.1] AndroidManifest.xml:34:25-66
107
108                <category android:name="android.intent.category.DEFAULT" />
108-->[com.google.firebase:firebase-auth:21.0.1] AndroidManifest.xml:36:17-76
108-->[com.google.firebase:firebase-auth:21.0.1] AndroidManifest.xml:36:27-73
109                <category android:name="android.intent.category.BROWSABLE" />
109-->[com.google.firebase:firebase-auth:21.0.1] AndroidManifest.xml:37:17-78
109-->[com.google.firebase:firebase-auth:21.0.1] AndroidManifest.xml:37:27-75
110
111                <data
111-->[com.google.firebase:firebase-auth:21.0.1] AndroidManifest.xml:39:17-42:51
112                    android:host="firebase.auth"
112-->[com.google.firebase:firebase-auth:21.0.1] AndroidManifest.xml:40:21-49
113                    android:path="/"
113-->[com.google.firebase:firebase-auth:21.0.1] AndroidManifest.xml:41:21-37
114                    android:scheme="recaptcha" />
114-->[com.google.firebase:firebase-auth:21.0.1] AndroidManifest.xml:42:21-48
115            </intent-filter>
116        </activity>
117
118        <service
118-->[com.google.firebase:firebase-auth:21.0.1] AndroidManifest.xml:64:9-73:19
119            android:name="com.google.firebase.auth.api.fallback.service.FirebaseAuthFallbackService"
119-->[com.google.firebase:firebase-auth:21.0.1] AndroidManifest.xml:65:13-101
120            android:enabled="true"
120-->[com.google.firebase:firebase-auth:21.0.1] AndroidManifest.xml:66:13-35
121            android:exported="false" >
121-->[com.google.firebase:firebase-auth:21.0.1] AndroidManifest.xml:67:13-37
122            <intent-filter>
122-->[com.google.firebase:firebase-auth:21.0.1] AndroidManifest.xml:68:13-72:29
123                <action android:name="com.google.firebase.auth.api.gms.service.START" />
123-->[com.google.firebase:firebase-auth:21.0.1] AndroidManifest.xml:69:17-89
123-->[com.google.firebase:firebase-auth:21.0.1] AndroidManifest.xml:69:25-86
124
125                <category android:name="android.intent.category.DEFAULT" />
125-->[com.google.firebase:firebase-auth:21.0.1] AndroidManifest.xml:36:17-76
125-->[com.google.firebase:firebase-auth:21.0.1] AndroidManifest.xml:36:27-73
126            </intent-filter>
127        </service>
128
129        <activity
129-->[com.google.android.gms:play-services-auth:20.1.0] AndroidManifest.xml:23:9-27:75
130            android:name="com.google.android.gms.auth.api.signin.internal.SignInHubActivity"
130-->[com.google.android.gms:play-services-auth:20.1.0] AndroidManifest.xml:24:13-93
131            android:excludeFromRecents="true"
131-->[com.google.android.gms:play-services-auth:20.1.0] AndroidManifest.xml:25:13-46
132            android:exported="false"
132-->[com.google.android.gms:play-services-auth:20.1.0] AndroidManifest.xml:26:13-37
133            android:theme="@android:style/Theme.Translucent.NoTitleBar" />
133-->[com.google.android.gms:play-services-auth:20.1.0] AndroidManifest.xml:27:13-72
134        <!--
135            Service handling Google Sign-In user revocation. For apps that do not integrate with
136            Google Sign-In, this service will never be started.
137        -->
138        <service
138-->[com.google.android.gms:play-services-auth:20.1.0] AndroidManifest.xml:33:9-37:51
139            android:name="com.google.android.gms.auth.api.signin.RevocationBoundService"
139-->[com.google.android.gms:play-services-auth:20.1.0] AndroidManifest.xml:34:13-89
140            android:exported="true"
140-->[com.google.android.gms:play-services-auth:20.1.0] AndroidManifest.xml:35:13-36
141            android:permission="com.google.android.gms.auth.api.signin.permission.REVOCATION_NOTIFICATION"
141-->[com.google.android.gms:play-services-auth:20.1.0] AndroidManifest.xml:36:13-107
142            android:visibleToInstantApps="true" />
142-->[com.google.android.gms:play-services-auth:20.1.0] AndroidManifest.xml:37:13-48
143
144        <activity
144-->[com.google.android.gms:play-services-base:18.0.1] AndroidManifest.xml:20:9-22:45
145            android:name="com.google.android.gms.common.api.GoogleApiActivity"
145-->[com.google.android.gms:play-services-base:18.0.1] AndroidManifest.xml:20:19-85
146            android:exported="false"
146-->[com.google.android.gms:play-services-base:18.0.1] AndroidManifest.xml:22:19-43
147            android:theme="@android:style/Theme.Translucent.NoTitleBar" />
147-->[com.google.android.gms:play-services-base:18.0.1] AndroidManifest.xml:21:19-78
148
149        <provider
149-->[com.google.firebase:firebase-common:20.0.0] AndroidManifest.xml:26:9-31:39
150            android:name="com.google.firebase.provider.FirebaseInitProvider"
150-->[com.google.firebase:firebase-common:20.0.0] AndroidManifest.xml:27:13-77
151            android:authorities="com.awesomeproject.firebaseinitprovider"
151-->[com.google.firebase:firebase-common:20.0.0] AndroidManifest.xml:28:13-72
152            android:directBootAware="true"
152-->[com.google.firebase:firebase-common:20.0.0] AndroidManifest.xml:29:13-43
153            android:exported="false"
153-->[com.google.firebase:firebase-common:20.0.0] AndroidManifest.xml:30:13-37
154            android:initOrder="100" />
154-->[com.google.firebase:firebase-common:20.0.0] AndroidManifest.xml:31:13-36
155
156        <meta-data
156-->[com.google.android.gms:play-services-basement:18.0.0] AndroidManifest.xml:21:9-23:69
157            android:name="com.google.android.gms.version"
157-->[com.google.android.gms:play-services-basement:18.0.0] AndroidManifest.xml:22:13-58
158            android:value="@integer/google_play_services_version" />
158-->[com.google.android.gms:play-services-basement:18.0.0] AndroidManifest.xml:23:13-66
159    </application>
160
161</manifest>